app/build/intermediates/manifest_merge_blame_file/debug/manifest-merger-blame-debug-report.txt
1<?xml version="1.0" encoding="utf-8"?>
2<manifest xmlns:android="http://schemas.android.com/apk/res/android"
3    package="com.example.cryptocurrencyapp"
4    android:versionCode="1"
5    android:versionName="1.0" >
6
7    <uses-sdk
8        android:minSdkVersion="27"
8-->src\main\AndroidManifest.xml
9        android:targetSdkVersion="33" />
9-->src\main\AndroidManifest.xml
10
11    <uses-permission android:name="android.permission.INTERNET" />
11-->src\main\AndroidManifest.xml:5:5-67
11-->src\main\AndroidManifest.xml:5:22-64
12    <uses-permission android:name="android.permission.ACCESS_DRM_DEBUG" />
12-->src\main\AndroidManifest.xml:6:5-75
12-->src\main\AndroidManifest.xml:6:22-72
13    <uses-permission android:name="android.permission.ACCESS_FINE_LOCATION" />
13-->src\main\AndroidManifest.xml:7:5-79
13-->src\main\AndroidManifest.xml:7:22-76
14    <uses-permission android:name="android.permission.ACCESS_COARSE_LOCATION" />
14-->src\main\AndroidManifest.xml:8:5-81
14-->src\main\AndroidManifest.xml:8:22-78
15    <uses-permission android:name="android.permission.POST_NOTIFICATIONS" />
15-->src\main\AndroidManifest.xml:9:5-77
15-->src\main\AndroidManifest.xml:9:22-74
16
17    <!-- Include required permissions for Google Maps API to run. -->
18    <uses-permission android:name="android.permission.ACCESS_NETWORK_STATE" />
18-->[com.google.android.gms:play-services-maps:18.1.0] AndroidManifest.xml:23:5-79
18-->[com.google.android.gms:play-services-maps:18.1.0] AndroidManifest.xml:23:22-76
19
20    <uses-feature
20-->[com.google.android.gms:play-services-maps:18.1.0] AndroidManifest.xml:26:5-28:35
21        android:glEsVersion="0x00020000"
21-->[com.google.android.gms:play-services-maps:18.1.0] AndroidManifest.xml:27:9-41
22        android:required="true" />
22-->[com.google.android.gms:play-services-maps:18.1.0] AndroidManifest.xml:28:9-32
23
24    <queries>
24-->[com.google.android.gms:play-services-maps:18.1.0] AndroidManifest.xml:30:5-34:15
25
26        <!-- Needs to be explicitly declared on Android R+ -->
27        <package android:name="com.google.android.apps.maps" />
27-->[com.google.android.gms:play-services-maps:18.1.0] AndroidManifest.xml:33:9-64
27-->[com.google.android.gms:play-services-maps:18.1.0] AndroidManifest.xml:33:18-61
28    </queries>
29
30    <permission
30-->[androidx.core:core:1.9.0] AndroidManifest.xml:22:5-24:47
31        android:name="com.example.cryptocurrencyapp.DYNAMIC_RECEIVER_NOT_EXPORTED_PERMISSION"
31-->[androidx.core:core:1.9.0] AndroidManifest.xml:23:9-81
32        android:protectionLevel="signature" />
32-->[androidx.core:core:1.9.0] AndroidManifest.xml:24:9-44
33
34    <uses-permission android:name="com.example.cryptocurrencyapp.DYNAMIC_RECEIVER_NOT_EXPORTED_PERMISSION" />
34-->[androidx.core:core:1.9.0] AndroidManifest.xml:26:5-97
34-->[androidx.core:core:1.9.0] AndroidManifest.xml:26:22-94
35
36    <application
36-->src\main\AndroidManifest.xml:11:5-63:19
37        android:allowBackup="true"
37-->src\main\AndroidManifest.xml:12:9-35
38        android:appComponentFactory="androidx.core.app.CoreComponentFactory"
38-->[androidx.core:core:1.9.0] AndroidManifest.xml:28:18-86
39        android:dataExtractionRules="@xml/data_extraction_rules"
39-->src\main\AndroidManifest.xml:13:9-65
40        android:debuggable="true"
41        android:extractNativeLibs="false"
42        android:fullBackupContent="@xml/backup_rules"
42-->src\main\AndroidManifest.xml:14:9-54
43        android:icon="@mipmap/infinite"
43-->src\main\AndroidManifest.xml:15:9-40
44        android:label="Coinfinity"
44-->src\main\AndroidManifest.xml:16:9-35
45        android:supportsRtl="true"
45-->src\main\AndroidManifest.xml:17:9-35
46        android:testOnly="true"
47        android:theme="@style/Theme.CryptocurrencyApp" >
47-->src\main\AndroidManifest.xml:18:9-55
48        <activity
48-->src\main\AndroidManifest.xml:20:9-22:40
49            android:name="com.example.cryptocurrencyapp.Activity.MainActivity"
49-->src\main\AndroidManifest.xml:21:13-50
50            android:exported="false" />
50-->src\main\AndroidManifest.xml:22:13-37
51        <activity
51-->src\main\AndroidManifest.xml:23:9-25:40
52            android:name="com.example.cryptocurrencyapp.Activity.MapActivity"
52-->src\main\AndroidManifest.xml:24:13-49
53            android:exported="false" />
53-->src\main\AndroidManifest.xml:25:13-37
54        <activity
54-->src\main\AndroidManifest.xml:26:9-28:40
55            android:name="com.example.cryptocurrencyapp.Activity.DetailsActivity"
55-->src\main\AndroidManifest.xml:27:13-53
56            android:exported="false" />
56-->src\main\AndroidManifest.xml:28:13-37
57        <activity
57-->src\main\AndroidManifest.xml:29:9-33:55
58            android:name="com.example.cryptocurrencyapp.Activity.HomeActivity"
58-->src\main\AndroidManifest.xml:30:13-50
59            android:exported="false"
59-->src\main\AndroidManifest.xml:31:13-37
60            android:fitsSystemWindows="true"
60-->src\main\AndroidManifest.xml:32:13-45
61            android:windowSoftInputMode="adjustPan" />
61-->src\main\AndroidManifest.xml:33:13-52
62        <activity
62-->src\main\AndroidManifest.xml:34:9-38:55
63            android:name="com.example.cryptocurrencyapp.Activity.CryptoActivity"
63-->src\main\AndroidManifest.xml:35:13-52
64            android:exported="false"
64-->src\main\AndroidManifest.xml:36:13-37
65            android:fitsSystemWindows="true"
65-->src\main\AndroidManifest.xml:37:13-45
66            android:windowSoftInputMode="adjustPan" />
66-->src\main\AndroidManifest.xml:38:13-52
67        <activity
67-->src\main\AndroidManifest.xml:39:9-43:55
68            android:name="com.example.cryptocurrencyapp.Activity.UserProfileActivity"
68-->src\main\AndroidManifest.xml:40:13-57
69            android:exported="false"
69-->src\main\AndroidManifest.xml:41:13-37
70            android:fitsSystemWindows="true"
70-->src\main\AndroidManifest.xml:42:13-45
71            android:windowSoftInputMode="adjustPan" />
71-->src\main\AndroidManifest.xml:43:13-52
72        <activity
72-->src\main\AndroidManifest.xml:44:9-46:40
73            android:name="com.example.cryptocurrencyapp.Activity.LoginActivity"
73-->src\main\AndroidManifest.xml:45:13-51
74            android:exported="false" />
74-->src\main\AndroidManifest.xml:46:13-37
75        <activity
75-->src\main\AndroidManifest.xml:47:9-49:40
76            android:name="com.example.cryptocurrencyapp.Activity.RegisterActivity"
76-->src\main\AndroidManifest.xml:48:13-54
77            android:exported="false" />
77-->src\main\AndroidManifest.xml:49:13-37
78        <activity
78-->src\main\AndroidManifest.xml:50:9-58:20
79            android:name="com.example.cryptocurrencyapp.Activity.SplashScreenActivity"
79-->src\main\AndroidManifest.xml:51:13-58
80            android:exported="true" >
80-->src\main\AndroidManifest.xml:52:13-36
81            <intent-filter>
81-->src\main\AndroidManifest.xml:53:13-57:29
82                <action android:name="android.intent.action.MAIN" />
82-->src\main\AndroidManifest.xml:54:17-69
82-->src\main\AndroidManifest.xml:54:25-66
83
84                <category android:name="android.intent.category.LAUNCHER" />
84-->src\main\AndroidManifest.xml:56:17-77
84-->src\main\AndroidManifest.xml:56:27-74
85            </intent-filter>
86        </activity>
87
88        <meta-data
88-->src\main\AndroidManifest.xml:60:9-62:71
89            android:name="com.google.android.geo.API_KEY"
89-->src\main\AndroidManifest.xml:61:13-58
90            android:value="AIzaSyDQ4kbheFpqKvu6GB4M6idbdQDFewuluSs" />
90-->src\main\AndroidManifest.xml:62:13-68
91        <!-- Needs to be explicitly declared on P+ -->
92        <uses-library
92-->[com.google.android.gms:play-services-maps:18.1.0] AndroidManifest.xml:39:9-41:40
93            android:name="org.apache.http.legacy"
93-->[com.google.android.gms:play-services-maps:18.1.0] AndroidManifest.xml:40:13-50
94            android:required="false" />
94-->[com.google.android.gms:play-services-maps:18.1.0] AndroidManifest.xml:41:13-37
95
96        <activity
96-->[com.google.firebase:firebase-auth:22.0.0] AndroidManifest.xml:29:9-46:20
97            android:name="com.google.firebase.auth.internal.GenericIdpActivity"
97-->[com.google.firebase:firebase-auth:22.0.0] AndroidManifest.xml:30:13-80
98            android:excludeFromRecents="true"
98-->[com.google.firebase:firebase-auth:22.0.0] AndroidManifest.xml:31:13-46
99            android:exported="true"
99-->[com.google.firebase:firebase-auth:22.0.0] AndroidManifest.xml:32:13-36
100            android:launchMode="singleTask"
100-->[com.google.firebase:firebase-auth:22.0.0] AndroidManifest.xml:33:13-44
101            android:theme="@android:style/Theme.Translucent.NoTitleBar" >
101-->[com.google.firebase:firebase-auth:22.0.0] AndroidManifest.xml:34:13-72
102            <intent-filter>
102-->[com.google.firebase:firebase-auth:22.0.0] AndroidManifest.xml:35:13-45:29
103                <action android:name="android.intent.action.VIEW" />
103-->[com.google.firebase:firebase-auth:22.0.0] AndroidManifest.xml:36:17-69
103-->[com.google.firebase:firebase-auth:22.0.0] AndroidManifest.xml:36:25-66
104
105                <category android:name="android.intent.category.DEFAULT" />
105-->[com.google.firebase:firebase-auth:22.0.0] AndroidManifest.xml:38:17-76
105-->[com.google.firebase:firebase-auth:22.0.0] AndroidManifest.xml:38:27-73
106                <category android:name="android.intent.category.BROWSABLE" />
106-->[com.google.firebase:firebase-auth:22.0.0] AndroidManifest.xml:39:17-78
106-->[com.google.firebase:firebase-auth:22.0.0] AndroidManifest.xml:39:27-75
107
108                <data
108-->[com.google.firebase:firebase-auth:22.0.0] AndroidManifest.xml:41:17-44:51
109                    android:host="firebase.auth"
109-->[com.google.firebase:firebase-auth:22.0.0] AndroidManifest.xml:42:21-49
110                    android:path="/"
110-->[com.google.firebase:firebase-auth:22.0.0] AndroidManifest.xml:43:21-37
111                    android:scheme="genericidp" />
111-->[com.google.firebase:firebase-auth:22.0.0] AndroidManifest.xml:44:21-48
112            </intent-filter>
113        </activity>
114        <activity
114-->[com.google.firebase:firebase-auth:22.0.0] AndroidManifest.xml:47:9-64:20
115            android:name="com.google.firebase.auth.internal.RecaptchaActivity"
115-->[com.google.firebase:firebase-auth:22.0.0] AndroidManifest.xml:48:13-79
116            android:excludeFromRecents="true"
116-->[com.google.firebase:firebase-auth:22.0.0] AndroidManifest.xml:49:13-46
117            android:exported="true"
117-->[com.google.firebase:firebase-auth:22.0.0] AndroidManifest.xml:50:13-36
118            android:launchMode="singleTask"
118-->[com.google.firebase:firebase-auth:22.0.0] AndroidManifest.xml:51:13-44
119            android:theme="@android:style/Theme.Translucent.NoTitleBar" >
119-->[com.google.firebase:firebase-auth:22.0.0] AndroidManifest.xml:52:13-72
120            <intent-filter>
120-->[com.google.firebase:firebase-auth:22.0.0] AndroidManifest.xml:53:13-63:29
121                <action android:name="android.intent.action.VIEW" />
121-->[com.google.firebase:firebase-auth:22.0.0] AndroidManifest.xml:36:17-69
121-->[com.google.firebase:firebase-auth:22.0.0] AndroidManifest.xml:36:25-66
122
123                <category android:name="android.intent.category.DEFAULT" />
123-->[com.google.firebase:firebase-auth:22.0.0] AndroidManifest.xml:38:17-76
123-->[com.google.firebase:firebase-auth:22.0.0] AndroidManifest.xml:38:27-73
124                <category android:name="android.intent.category.BROWSABLE" />
124-->[com.google.firebase:firebase-auth:22.0.0] AndroidManifest.xml:39:17-78
124-->[com.google.firebase:firebase-auth:22.0.0] AndroidManifest.xml:39:27-75
125
126                <data
126-->[com.google.firebase:firebase-auth:22.0.0] AndroidManifest.xml:41:17-44:51
127                    android:host="firebase.auth"
127-->[com.google.firebase:firebase-auth:22.0.0] AndroidManifest.xml:42:21-49
128                    android:path="/"
128-->[com.google.firebase:firebase-auth:22.0.0] AndroidManifest.xml:43:21-37
129                    android:scheme="recaptcha" />
129-->[com.google.firebase:firebase-auth:22.0.0] AndroidManifest.xml:44:21-48
130            </intent-filter>
131        </activity>
132
133        <service
133-->[com.google.firebase:firebase-auth:22.0.0] AndroidManifest.xml:66:9-72:19
134            android:name="com.google.firebase.components.ComponentDiscoveryService"
134-->[com.google.firebase:firebase-auth:22.0.0] AndroidManifest.xml:67:13-84
135            android:directBootAware="true"
135-->[com.google.firebase:firebase-common:20.3.3] AndroidManifest.xml:34:13-43
136            android:exported="false" >
136-->[com.google.firebase:firebase-auth:22.0.0] AndroidManifest.xml:68:13-37
137            <meta-data
137-->[com.google.firebase:firebase-auth:22.0.0] AndroidManifest.xml:69:13-71:85
138                android:name="com.google.firebase.components:com.google.firebase.auth.FirebaseAuthRegistrar"
138-->[com.google.firebase:firebase-auth:22.0.0] AndroidManifest.xml:70:17-109
139                android:value="com.google.firebase.components.ComponentRegistrar" />
139-->[com.google.firebase:firebase-auth:22.0.0] AndroidManifest.xml:71:17-82
140            <meta-data
140-->[com.google.firebase:firebase-database:20.2.2] AndroidManifest.xml:31:13-33:85
141                android:name="com.google.firebase.components:com.google.firebase.database.DatabaseRegistrar"
141-->[com.google.firebase:firebase-database:20.2.2] AndroidManifest.xml:32:17-109
142                android:value="com.google.firebase.components.ComponentRegistrar" />
142-->[com.google.firebase:firebase-database:20.2.2] AndroidManifest.xml:33:17-82
143            <meta-data
143-->[com.google.firebase:firebase-firestore:24.6.1] AndroidManifest.xml:19:13-21:85
144                android:name="com.google.firebase.components:com.google.firebase.firestore.FirestoreRegistrar"
144-->[com.google.firebase:firebase-firestore:24.6.1] AndroidManifest.xml:20:17-111
145                android:value="com.google.firebase.components.ComponentRegistrar" />
145-->[com.google.firebase:firebase-firestore:24.6.1] AndroidManifest.xml:21:17-82
146        </service>
147
148        <activity
148-->[com.google.android.gms:play-services-base:18.1.0] AndroidManifest.xml:20:9-22:45
149            android:name="com.google.android.gms.common.api.GoogleApiActivity"
149-->[com.google.android.gms:play-services-base:18.1.0] AndroidManifest.xml:20:19-85
150            android:exported="false"
150-->[com.google.android.gms:play-services-base:18.1.0] AndroidManifest.xml:22:19-43
151            android:theme="@android:style/Theme.Translucent.NoTitleBar" />
151-->[com.google.android.gms:play-services-base:18.1.0] AndroidManifest.xml:21:19-78
152
153        <provider
153-->[com.google.firebase:firebase-common:20.3.3] AndroidManifest.xml:25:9-30:39
154            android:name="com.google.firebase.provider.FirebaseInitProvider"
154-->[com.google.firebase:firebase-common:20.3.3] AndroidManifest.xml:26:13-77
155            android:authorities="com.example.cryptocurrencyapp.firebaseinitprovider"
155-->[com.google.firebase:firebase-common:20.3.3] AndroidManifest.xml:27:13-72
156            android:directBootAware="true"
156-->[com.google.firebase:firebase-common:20.3.3] AndroidManifest.xml:28:13-43
157            android:exported="false"
157-->[com.google.firebase:firebase-common:20.3.3] AndroidManifest.xml:29:13-37
158            android:initOrder="100" />
158-->[com.google.firebase:firebase-common:20.3.3] AndroidManifest.xml:30:13-36
159
160        <meta-data
160-->[com.google.android.gms:play-services-basement:18.1.0] AndroidManifest.xml:21:9-23:69
161            android:name="com.google.android.gms.version"
161-->[com.google.android.gms:play-services-basement:18.1.0] AndroidManifest.xml:22:13-58
162            android:value="@integer/google_play_services_version" />
162-->[com.google.android.gms:play-services-basement:18.1.0] AndroidManifest.xml:23:13-66
163
164        <provider
164-->[androidx.emoji2:emoji2:1.2.0] AndroidManifest.xml:24:9-32:20
165            android:name="androidx.startup.InitializationProvider"
165-->[androidx.emoji2:emoji2:1.2.0] AndroidManifest.xml:25:13-67
166            android:authorities="com.example.cryptocurrencyapp.androidx-startup"
166-->[androidx.emoji2:emoji2:1.2.0] AndroidManifest.xml:26:13-68
167            android:exported="false" >
167-->[androidx.emoji2:emoji2:1.2.0] AndroidManifest.xml:27:13-37
168            <meta-data
168-->[androidx.emoji2:emoji2:1.2.0] AndroidManifest.xml:29:13-31:52
169                android:name="androidx.emoji2.text.EmojiCompatInitializer"
169-->[androidx.emoji2:emoji2:1.2.0] AndroidManifest.xml:30:17-75
170                android:value="androidx.startup" />
170-->[androidx.emoji2:emoji2:1.2.0] AndroidManifest.xml:31:17-49
171            <meta-data
171-->[androidx.lifecycle:lifecycle-process:2.6.1] AndroidManifest.xml:29:13-31:52
172                android:name="androidx.lifecycle.ProcessLifecycleInitializer"
172-->[androidx.lifecycle:lifecycle-process:2.6.1] AndroidManifest.xml:30:17-78
173                android:value="androidx.startup" />
173-->[androidx.lifecycle:lifecycle-process:2.6.1] AndroidManifest.xml:31:17-49
174            <meta-data
174-->[androidx.profileinstaller:profileinstaller:1.3.0] AndroidManifest.xml:29:13-31:52
175                android:name="androidx.profileinstaller.ProfileInstallerInitializer"
175-->[androidx.profileinstaller:profileinstaller:1.3.0] AndroidManifest.xml:30:17-85
176                android:value="androidx.startup" />
176-->[androidx.profileinstaller:profileinstaller:1.3.0] AndroidManifest.xml:31:17-49
177        </provider>
178
179        <uses-library
179-->[androidx.window:window:1.0.0] AndroidManifest.xml:25:9-27:40
180            android:name="androidx.window.extensions"
180-->[androidx.window:window:1.0.0] AndroidManifest.xml:26:13-54
181            android:required="false" />
181-->[androidx.window:window:1.0.0] AndroidManifest.xml:27:13-37
182        <uses-library
182-->[androidx.window:window:1.0.0] AndroidManifest.xml:28:9-30:40
183            android:name="androidx.window.sidecar"
183-->[androidx.window:window:1.0.0] AndroidManifest.xml:29:13-51
184            android:required="false" />
184-->[androidx.window:window:1.0.0] AndroidManifest.xml:30:13-37
185
186        <receiver
186-->[androidx.profileinstaller:profileinstaller:1.3.0] AndroidManifest.xml:34:9-52:20
187            android:name="androidx.profileinstaller.ProfileInstallReceiver"
187-->[androidx.profileinstaller:profileinstaller:1.3.0] AndroidManifest.xml:35:13-76
188            android:directBootAware="false"
188-->[androidx.profileinstaller:profileinstaller:1.3.0] AndroidManifest.xml:36:13-44
189            android:enabled="true"
189-->[androidx.profileinstaller:profileinstaller:1.3.0] AndroidManifest.xml:37:13-35
190            android:exported="true"
190-->[androidx.profileinstaller:profileinstaller:1.3.0] AndroidManifest.xml:38:13-36
191            android:permission="android.permission.DUMP" >
191-->[androidx.profileinstaller:profileinstaller:1.3.0] AndroidManifest.xml:39:13-57
192            <intent-filter>
192-->[androidx.profileinstaller:profileinstaller:1.3.0] AndroidManifest.xml:40:13-42:29
193                <action android:name="androidx.profileinstaller.action.INSTALL_PROFILE" />
193-->[androidx.profileinstaller:profileinstaller:1.3.0] AndroidManifest.xml:41:17-91
193-->[androidx.profileinstaller:profileinstaller:1.3.0] AndroidManifest.xml:41:25-88
194            </intent-filter>
195            <intent-filter>
195-->[androidx.profileinstaller:profileinstaller:1.3.0] AndroidManifest.xml:43:13-45:29
196                <action android:name="androidx.profileinstaller.action.SKIP_FILE" />
196-->[androidx.profileinstaller:profileinstaller:1.3.0] AndroidManifest.xml:44:17-85
196-->[androidx.profileinstaller:profileinstaller:1.3.0] AndroidManifest.xml:44:25-82
197            </intent-filter>
198            <intent-filter>
198-->[androidx.profileinstaller:profileinstaller:1.3.0] AndroidManifest.xml:46:13-48:29
199                <action android:name="androidx.profileinstaller.action.SAVE_PROFILE" />
199-->[androidx.profileinstaller:profileinstaller:1.3.0] AndroidManifest.xml:47:17-88
199-->[androidx.profileinstaller:profileinstaller:1.3.0] AndroidManifest.xml:47:25-85
200            </intent-filter>
201            <intent-filter>
201-->[androidx.profileinstaller:profileinstaller:1.3.0] AndroidManifest.xml:49:13-51:29
202                <action android:name="androidx.profileinstaller.action.BENCHMARK_OPERATION" />
202-->[androidx.profileinstaller:profileinstaller:1.3.0] AndroidManifest.xml:50:17-95
202-->[androidx.profileinstaller:profileinstaller:1.3.0] AndroidManifest.xml:50:25-92
203            </intent-filter>
204        </receiver>
205    </application>
206
207</manifest>